<?xml version="1.0" encoding="UTF-8"?>
<!-- Generated by org.testng.reporters.JUnitReportReporter -->
<testsuite skipped="0" hostname="LAPTOP-S9IOA6T6" name="dribbble.TC_01_Test" tests="1" failures="0" timestamp="2023-07-18T23:06:52 IST" time="2.104" errors="0">
  <testcase name="tc_01" time="2.104" classname="dribbble.TC_01_Test"/>
  <system-out/>
</testsuite> <!-- dribbble.TC_01_Test -->
