<?xml version="1.0" encoding="UTF-8"?>
<!-- Generated by org.testng.reporters.JUnitReportReporter -->
<testsuite skipped="0" hostname="LAPTOP-S9IOA6T6" name="genrick_libries.Base_Class" tests="1" failures="0" timestamp="2023-07-16T10:35:11 IST" time="12.717" errors="0">
  <testcase name="main" time="12.717" classname="genrick_libries.Base_Class"/>
  <system-out/>
</testsuite> <!-- genrick_libries.Base_Class -->
