<?xml version="1.0" encoding="UTF-8"?>
<!-- Generated by org.testng.reporters.JUnitReportReporter -->
<testsuite skipped="0" hostname="LAPTOP-S9IOA6T6" name="dribbble.TC_03_Test" tests="1" failures="0" timestamp="2023-07-18T23:06:52 IST" time="0.242" errors="0">
  <testcase name="tc3" time="0.242" classname="dribbble.TC_03_Test"/>
  <system-out/>
</testsuite> <!-- dribbble.TC_03_Test -->
